@!!BEGIN
@!!type:obligationsnumber
@!!count:0
@!!END

File "/home/ovini/Downloads/tlapm_real_altered/tlapm-main/tlapm-main/test/../library/TLAPS.tla", line 1, character 1 to line 363, character 77:
[INFO]: All 0 obligation proved.
@!!BEGIN
@!!type:obligation
@!!id:1
@!!loc:16:1:16:3
@!!status:to be proved
@!!END

@!!BEGIN
@!!type:obligation
@!!id:2
@!!loc:16:4:16:17
@!!status:to be proved
@!!END

@!!BEGIN
@!!type:obligationsnumber
@!!count:2
@!!END

** Unexpanded symbols: ---

@!!BEGIN
@!!type:obligation
@!!id:2
@!!loc:16:4:16:17
@!!status:trivial
@!!prover:tlapm
@!!already:false
@!!END

Executable "isabelle-process" not found in this PATH:
/home/ovini/Downloads/tlapm_real_altered/tlapm-main/tlapm-main/test/lib/tlaps/bin/:/home/ovini/.local/bin:/usr/local/sbin:/usr/local/bin:/usr/sbin:/usr/bin:/sbin:/bin:/usr/games:/usr/local/games:/snap/bin:/snap/bin:/home/ovini/Downloads/tlapm_real_altered/tlapm-main/tlapm-main:/home/ovini/Downloads/tlapm_real_altered/tlapm-main/lib/tlaps/bin
@!!BEGIN
@!!type:obligation
@!!id:1
@!!loc:16:1:16:3
@!!status:failed
@!!prover:smt
@!!meth:time-limit: 25; time-used: 0.0 (0%)
@!!reason:false
@!!already:false
@!!obl:
(* SMT failed with status = sat
 *)
ASSUME NEW VARIABLE x,
       TRUE 
PROVE  \E r#0, r#1 : r#1 # r#0

@!!END

@!!BEGIN
@!!type:obligation
@!!id:1
@!!loc:16:1:16:3
@!!status:failed
@!!prover:zenon
@!!meth:time-limit: 50; time-used: 0.0 (0%)
@!!reason:false
@!!already:false
@!!obl:
ASSUME NEW VARIABLE x,
       TRUE 
PROVE  \E r#0, r#1 : r#1 # r#0

@!!END

@!!BEGIN
@!!type:obligation
@!!id:1
@!!loc:16:1:16:3
@!!status:failed
@!!prover:isabelle
@!!meth:auto; time-limit: 150
@!!reason:Executable "isabelle-process" not found in this PATH:
/home/ovini/Downloads/tlapm_real_altered/tlapm-main/tlapm-main/test/lib/tlaps/bin/:/home/ovini/.local/bin:/usr/local/sbin:/usr/local/bin:/usr/sbin:/usr/bin:/sbin:/bin:/usr/games:/usr/local/games:/snap/bin:/snap/bin:/home/ovini/Downloads/tlapm_real_altered/tlapm-main/tlapm-main:/home/ovini/Downloads/tlapm_real_altered/tlapm-main/lib/tlaps/bin

@!!already:false
@!!obl:
ASSUME NEW VARIABLE x,
       TRUE 
PROVE  \E r#0, r#1 : r#1 # r#0

@!!END

File "./ENABLED_INSTANCE_nullary_op_two_vars_test.tla", line 16, characters 1-2:
[ERROR]: Could not prove or check:
           ASSUME NEW VARIABLE x,
                  M!A == ?EnabledWrapper(LAMBDA r#0, r#1 : r#1 # r#0),
                  ExpandENABLED 
           PROVE  M!A
File "./ENABLED_INSTANCE_nullary_op_two_vars_test.tla", line 1, character 1 to line 18, character 58:
[ERROR]: 1/2 obligations failed.
There were backend errors processing module `"ENABLED_INSTANCE_nullary_op_two_vars_test"`.
@!!BEGIN
@!!type:obligationsnumber
@!!count:0
@!!END

File "./ENABLED_INSTANCE_nullary_op_two_vars_test.tla", line 4, character 1 to line 9, character 22:
[INFO]: All 0 obligation proved.
