@!!BEGIN
@!!type:obligationsnumber
@!!count:0
@!!END

File "/home/ovini/Downloads/tlapm_real_altered/tlapm-main/tlapm-main/test/../library/TLAPS.tla", line 1, character 1 to line 363, character 77:
[INFO]: All 0 obligation proved.
@!!BEGIN
@!!type:obligation
@!!id:1
@!!loc:26:3:26:5
@!!status:to be proved
@!!END

@!!BEGIN
@!!type:obligation
@!!id:2
@!!loc:26:6:26:10
@!!status:to be proved
@!!END

@!!BEGIN
@!!type:obligation
@!!id:3
@!!loc:20:3:20:5
@!!status:to be proved
@!!END

@!!BEGIN
@!!type:obligation
@!!id:4
@!!loc:22:3:22:5
@!!status:to be proved
@!!END

@!!BEGIN
@!!type:obligation
@!!id:5
@!!loc:22:6:22:10
@!!status:to be proved
@!!END

@!!BEGIN
@!!type:obligation
@!!id:6
@!!loc:22:12:22:27
@!!status:to be proved
@!!END

@!!BEGIN
@!!type:obligation
@!!id:7
@!!loc:22:29:22:32
@!!status:to be proved
@!!END

@!!BEGIN
@!!type:obligation
@!!id:8
@!!loc:24:3:24:5
@!!status:to be proved
@!!END

@!!BEGIN
@!!type:obligation
@!!id:9
@!!loc:24:6:24:10
@!!status:to be proved
@!!END

@!!BEGIN
@!!type:obligation
@!!id:10
@!!loc:24:12:24:27
@!!status:to be proved
@!!END

@!!BEGIN
@!!type:obligation
@!!id:11
@!!loc:24:29:24:39
@!!status:to be proved
@!!END

@!!BEGIN
@!!type:obligationsnumber
@!!count:11
@!!END

!! Constraint generation. Arithmetic operation not supported (reals and integers cannot be mixed): 
CONSTANT_i_ * ??? FACT ???[CONSTANT_i_ - 1]
** Unexpanded symbols: CONSTANT_factorial_

@!!BEGIN
@!!type:obligation
@!!id:2
@!!loc:26:6:26:10
@!!status:trivial
@!!prover:tlapm
@!!already:false
@!!END

Executable "isabelle-process" not found in this PATH:
/home/ovini/Downloads/tlapm_real_altered/tlapm-main/tlapm-main/test/lib/tlaps/bin/:/home/ovini/.local/bin:/usr/local/sbin:/usr/local/bin:/usr/sbin:/usr/bin:/sbin:/bin:/usr/games:/usr/local/games:/snap/bin:/snap/bin:/home/ovini/Downloads/tlapm_real_altered/tlapm-main/tlapm-main:/home/ovini/Downloads/tlapm_real_altered/tlapm-main/lib/tlaps/bin
** Unexpanded symbols: ---

@!!BEGIN
@!!type:obligation
@!!id:4
@!!loc:22:3:22:5
@!!status:failed
@!!prover:isabelle
@!!meth:auto; time-limit: 150
@!!reason:Executable "isabelle-process" not found in this PATH:
/home/ovini/Downloads/tlapm_real_altered/tlapm-main/tlapm-main/test/lib/tlaps/bin/:/home/ovini/.local/bin:/usr/local/sbin:/usr/local/bin:/usr/sbin:/usr/bin:/sbin:/bin:/usr/games:/usr/local/games:/snap/bin:/snap/bin:/home/ovini/Downloads/tlapm_real_altered/tlapm-main/tlapm-main:/home/ovini/Downloads/tlapm_real_altered/tlapm-main/lib/tlaps/bin

@!!already:false
@!!obl:
ASSUME NatInductiveDefHypothesis(factorial, 1, LAMBDA v, n : n * v) ,
       ASSUME NEW CONSTANT Def(_, _)
       PROVE  \A f, f0 :
                 NatInductiveDefHypothesis(f, f0, Def)
                 => NatInductiveDefConclusion(f, f0, Def) ,
       TRUE 
PROVE  NatInductiveDefConclusion(factorial, 1, LAMBDA v, n : n * v)

@!!END

@!!BEGIN
@!!type:obligation
@!!id:5
@!!loc:22:6:22:10
@!!status:trivial
@!!prover:tlapm
@!!already:false
@!!END

@!!BEGIN
@!!type:obligation
@!!id:6
@!!loc:22:12:22:27
@!!status:trivial
@!!prover:tlapm
@!!already:false
@!!END

@!!BEGIN
@!!type:obligation
@!!id:7
@!!loc:22:29:22:32
@!!status:trivial
@!!prover:tlapm
@!!already:false
@!!END

@!!BEGIN
@!!type:obligation
@!!id:9
@!!loc:24:6:24:10
@!!status:trivial
@!!prover:tlapm
@!!already:false
@!!END

@!!BEGIN
@!!type:obligation
@!!id:10
@!!loc:24:12:24:27
@!!status:trivial
@!!prover:tlapm
@!!already:false
@!!END

@!!BEGIN
@!!type:obligation
@!!id:11
@!!loc:24:29:24:39
@!!status:trivial
@!!prover:tlapm
@!!already:false
@!!END

@!!BEGIN
@!!type:obligation
@!!id:3
@!!loc:20:3:20:5
@!!status:proved
@!!prover:smt
@!!meth:time-limit: 25; time-used: 0.0 (0%)
@!!already:false
@!!END

@!!BEGIN
@!!type:obligation
@!!id:8
@!!loc:24:3:24:5
@!!status:proved
@!!prover:zenon
@!!meth:time-limit: 150; time-used: 0.0 (0%)
@!!already:false
@!!END

@!!BEGIN
@!!type:obligation
@!!id:1
@!!loc:26:3:26:5
@!!status:being proved
@!!prover:smt
@!!meth:time-limit: 25
@!!obl:
ASSUME factorial = [i \in Nat |-> IF i = 0 THEN 1 ELSE i * factorial[i - 1]] 
PROVE  \A n \in Nat :
          factorial[n] = (IF n = 0 THEN 1 ELSE n * factorial[n - 1])

@!!END

@!!BEGIN
@!!type:obligation
@!!id:1
@!!loc:26:3:26:5
@!!status:failed
@!!prover:smt
@!!meth:time-limit: 25; time-used: 25.0 (100%)
@!!reason:timeout
@!!already:false
@!!obl:
ASSUME factorial = [i \in Nat |-> IF i = 0 THEN 1 ELSE i * factorial[i - 1]] 
PROVE  \A n \in Nat :
          factorial[n] = (IF n = 0 THEN 1 ELSE n * factorial[n - 1])

@!!END

@!!BEGIN
@!!type:obligation
@!!id:1
@!!loc:26:3:26:5
@!!status:proved
@!!prover:zenon
@!!meth:time-limit: 50; time-used: 0.0 (0%)
@!!already:false
@!!END

File "./higher_order_statement_test.tla", line 22, characters 3-4:
[ERROR]: Could not prove or check:
           ASSUME Def(v, n) == n * v,
                  <1>1 ,
                  NatInductiveDef ,
                  Isa 
           PROVE  NatInductiveDefConclusion(factorial, 1, Def)
File "./higher_order_statement_test.tla", line 1, character 1 to line 27, character 77:
[ERROR]: 1/11 obligations failed.
There were backend errors processing module `"higher_order_statement_test"`.
