@!!BEGIN
@!!type:obligationsnumber
@!!count:0
@!!END

File "/home/ovini/Downloads/tlapm_real_altered/tlapm-main/tlapm-main/test/../library/TLAPS.tla", line 1, character 1 to line 363, character 77:
[INFO]: All 0 obligation proved.
@!!BEGIN
@!!type:obligation
@!!id:1
@!!loc:17:5:17:12
@!!status:to be proved
@!!END

@!!BEGIN
@!!type:obligationsnumber
@!!count:1
@!!END

** Unexpanded symbols: ---

@!!BEGIN
@!!type:obligation
@!!id:1
@!!loc:17:5:17:12
@!!status:failed
@!!prover:smt
@!!meth:time-limit: 25; time-used: 0.0 (0%)
@!!reason:false
@!!already:false
@!!obl:
(* SMT failed with status = sat
 *)
ASSUME NEW CONSTANT A,
       NEW CONSTANT B,
       NEW CONSTANT f,
       DOMAIN f = A ,
       \A x \in A : f[x] \in B 
PROVE  f \in [A -> B]

@!!END

Executable "isabelle-process" not found in this PATH:
/home/ovini/Downloads/tlapm_real_altered/tlapm-main/tlapm-main/test/lib/tlaps/bin/:/home/ovini/.local/bin:/usr/local/sbin:/usr/local/bin:/usr/sbin:/usr/bin:/sbin:/bin:/usr/games:/usr/local/games:/snap/bin:/snap/bin:/home/ovini/Downloads/tlapm_real_altered/tlapm-main/tlapm-main:/home/ovini/Downloads/tlapm_real_altered/tlapm-main/lib/tlaps/bin
@!!BEGIN
@!!type:obligation
@!!id:1
@!!loc:17:5:17:12
@!!status:failed
@!!prover:zenon
@!!meth:time-limit: 50; time-used: 0.0 (0%)
@!!reason:false
@!!already:false
@!!obl:
ASSUME NEW CONSTANT A,
       NEW CONSTANT B,
       NEW CONSTANT f,
       DOMAIN f = A ,
       \A x \in A : f[x] \in B 
PROVE  f \in [A -> B]

@!!END

@!!BEGIN
@!!type:obligation
@!!id:1
@!!loc:17:5:17:12
@!!status:failed
@!!prover:isabelle
@!!meth:auto; time-limit: 150
@!!reason:Executable "isabelle-process" not found in this PATH:
/home/ovini/Downloads/tlapm_real_altered/tlapm-main/tlapm-main/test/lib/tlaps/bin/:/home/ovini/.local/bin:/usr/local/sbin:/usr/local/bin:/usr/sbin:/usr/bin:/sbin:/bin:/usr/games:/usr/local/games:/snap/bin:/snap/bin:/home/ovini/Downloads/tlapm_real_altered/tlapm-main/tlapm-main:/home/ovini/Downloads/tlapm_real_altered/tlapm-main/lib/tlaps/bin

@!!already:false
@!!obl:
ASSUME NEW CONSTANT A,
       NEW CONSTANT B,
       NEW CONSTANT f,
       DOMAIN f = A ,
       \A x \in A : f[x] \in B 
PROVE  f \in [A -> B]

@!!END

File "./function3_test.tla", line 17, characters 5-11:
[ERROR]: Could not prove or check:
           ASSUME NEW CONSTANT A,
                  NEW CONSTANT B,
                  NEW CONSTANT f,
                  DOMAIN f = A ,
                  \A x \in A : f[x] \in B 
           PROVE  f \in [A -> B]
File "./function3_test.tla", line 1, character 1 to line 19, character 4:
[ERROR]: 1/1 obligation failed.
There were backend errors processing module `"function3_test"`.
