@!!BEGIN
@!!type:obligationsnumber
@!!count:0
@!!END

File "/home/ovini/Downloads/tlapm_real_altered/tlapm-main/tlapm-main/test/../library/TLAPS.tla", line 1, character 1 to line 363, character 77:
[INFO]: All 0 obligation proved.
@!!BEGIN
@!!type:obligation
@!!id:1
@!!loc:5:20:5:22
@!!status:to be proved
@!!END

@!!BEGIN
@!!type:obligation
@!!id:2
@!!loc:5:23:5:26
@!!status:to be proved
@!!END

@!!BEGIN
@!!type:obligationsnumber
@!!count:2
@!!END

** Unexpanded symbols: ---

@!!BEGIN
@!!type:obligation
@!!id:2
@!!loc:5:23:5:26
@!!status:trivial
@!!prover:tlapm
@!!already:false
@!!END

Executable "isabelle-process" not found in this PATH:
/home/ovini/Downloads/tlapm_real_altered/tlapm-main/tlapm-main/test/lib/tlaps/bin/:/home/ovini/.local/bin:/usr/local/sbin:/usr/local/bin:/usr/sbin:/usr/bin:/sbin:/bin:/usr/games:/usr/local/games:/snap/bin:/snap/bin:/home/ovini/Downloads/tlapm_real_altered/tlapm-main/tlapm-main:/home/ovini/Downloads/tlapm_real_altered/tlapm-main/lib/tlaps/bin
@!!BEGIN
@!!type:obligation
@!!id:1
@!!loc:5:20:5:22
@!!status:failed
@!!prover:smt
@!!meth:time-limit: 25; time-used: 0.0 (0%)
@!!reason:false
@!!already:false
@!!obl:
(* SMT failed with status = sat
 *)
ASSUME TRUE 
PROVE  FALSE

@!!END

File "./smt_false_test.tla", line 5, characters 20-21:
[ERROR]: Could not prove or check:
           ASSUME SMT 
           PROVE  FALSE
File "./smt_false_test.tla", line 1, character 1 to line 7, character 4:
[ERROR]: 1/2 obligations failed.
There were backend errors processing module `"smt_false_test"`.
