@!!BEGIN
@!!type:obligation
@!!id:1
@!!loc:9:1:9:3
@!!status:to be proved
@!!END

@!!BEGIN
@!!type:obligation
@!!id:2
@!!loc:9:4:9:20
@!!status:to be proved
@!!END

@!!BEGIN
@!!type:obligationsnumber
@!!count:2
@!!END

Cooper's method is not available any more.

@!!BEGIN
@!!type:obligation
@!!id:1
@!!loc:9:1:9:3
@!!status:failed
@!!prover:cooper
@!!meth:time-limit: inf
@!!already:false
@!!obl:
\* Cooper's method is not available any more.

ASSUME NEW CONSTANT CONSTANT_XXX_,
       NEW CONSTANT CONSTANT_i_ \in Int
PROVE  CONSTANT_XXX_ \in Int

@!!END

Executable "isabelle-process" not found in this PATH:
/home/ovini/Downloads/tlapm_real_altered/tlapm-main/tlapm-main/test/lib/tlaps/bin/:/home/ovini/.local/bin:/usr/local/sbin:/usr/local/bin:/usr/sbin:/usr/bin:/sbin:/bin:/usr/games:/usr/local/games:/snap/bin:/snap/bin:/home/ovini/Downloads/tlapm_real_altered/tlapm-main/tlapm-main:/home/ovini/Downloads/tlapm_real_altered/tlapm-main/lib/tlaps/bin
@!!BEGIN
@!!type:obligation
@!!id:2
@!!loc:9:4:9:20
@!!status:trivial
@!!prover:tlapm
@!!already:false
@!!END

File "./cooper_instantiation_test.tla", line 9, characters 1-2:
[ERROR]: Could not prove or check:
           ASSUME NEW CONSTANT XXX,
                  NEW CONSTANT i \in Int,
                  SimpleArithmetic 
           PROVE  XXX \in Int
File "./cooper_instantiation_test.tla", line 1, character 1 to line 10, character 36:
[ERROR]: 1/2 obligations failed.
There were backend errors processing module `"cooper_instantiation_test"`.
