@!!BEGIN
@!!type:obligationsnumber
@!!count:0
@!!END

File "/home/ovini/Downloads/tlapm_real_altered/tlapm-main/tlapm-main/test/../library/TLAPS.tla", line 1, character 1 to line 363, character 77:
[INFO]: All 0 obligation proved.
File "./temp.tla", line 20, characters 4-18:
Error: Operator "ENABLEDrewrites" not found
 tlapm ending abnormally with Failure("Expr.Anon: 4")
Raised at Stdlib.failwith in file "stdlib.ml", line 29, characters 17-33
Called from E_anon.anon#expr in file "e_anon.ml", line 304, characters 21-39
Called from E_anon.anon#expr in file "e_anon.ml", line 304, characters 21-39
Called from Stdlib__List.rev_map.rmap_f in file "list.ml", line 103, characters 22-25
Called from Ext.List.map in file "ext.ml" (inlined), line 44, characters 22-37
Called from P_anon.anon#usable in file "p_anon.ml", line 234, characters 20-70
Called from P_visit.map#proof in file "p_visit.ml", line 26, characters 12-30
Called from M_elab.normalize.spin.map_proof in file "m_elab.ml", line 1142, characters 21-48
Called from M_elab.normalize in file "m_elab.ml", line 1274, characters 12-66
Called from Tlapm.process_module in file "tlapm.ml", line 309, characters 29-68
Called from Tlapm.main.f in file "tlapm.ml", line 543, characters 23-43
Called from Stdlib__List.fold_left in file "list.ml", line 121, characters 24-34
Called from Tlapm.main in file "tlapm.ml", line 546, characters 13-40
Called from Tlapm.init in file "tlapm.ml", line 558, characters 8-33

@!!BEGIN
@!!type:warning
@!!msg:File "./temp.tla", line 20, characters 4-18

Operator "ENABLEDrewrites" not found


@!!END

@!!BEGIN
@!!type:obligationsnumber
@!!count:0
@!!END

File "/home/ovini/Downloads/tlapm_real_altered/tlapm-main/tlapm-main/test/../library/TLAPS.tla", line 1, character 1 to line 363, character 77:
[INFO]: All 0 obligation proved.
@!!BEGIN
@!!type:obligation
@!!id:1
@!!loc:9:1:9:3
@!!status:to be proved
@!!END

@!!BEGIN
@!!type:obligation
@!!id:2
@!!loc:9:4:9:17
@!!status:to be proved
@!!END

@!!BEGIN
@!!type:obligationsnumber
@!!count:2
@!!END

@!!BEGIN
@!!type:obligation
@!!id:1
@!!loc:9:1:9:3
@!!status:failed
@!!prover:enabledaxioms
@!!meth:time-limit: inf
@!!reason:ENABLEDaxioms proof directive did not succeed.

@!!already:false
@!!obl:ENABLEDaxioms proof directive did not succeed.

Obligation:

ASSUME NEW VARIABLE x,
       TRUE 
PROVE  ENABLED (x' = 1)

@!!END

Executable "isabelle-process" not found in this PATH:
/home/ovini/Downloads/tlapm_real_altered/tlapm-main/tlapm-main/test/lib/tlaps/bin/:/home/ovini/.local/bin:/usr/local/sbin:/usr/local/bin:/usr/sbin:/usr/bin:/sbin:/bin:/usr/games:/usr/local/games:/snap/bin:/snap/bin:/home/ovini/Downloads/tlapm_real_altered/tlapm-main/tlapm-main:/home/ovini/Downloads/tlapm_real_altered/tlapm-main/lib/tlaps/bin
@!!BEGIN
@!!type:obligation
@!!id:2
@!!loc:9:4:9:17
@!!status:trivial
@!!prover:tlapm
@!!already:false
@!!END

File "./temp.tla", line 9, characters 1-2:
[ERROR]: Could not prove or check:
           ASSUME NEW VARIABLE x,
                  ENABLEDaxioms 
           PROVE  ENABLED (x' = 1)
File "./temp.tla", line 1, character 1 to line 11, character 80:
[ERROR]: 1/2 obligations failed.
There were backend errors processing module `"temp"`.
